time="2023-02-24T19:35:56+05:00" level=info msg="Create router" func="main.main()" file="app.go:15"
time="2023-02-24T19:35:57+05:00" level=info msg="Register user handler" func="main.main()" file="app.go:18"
time="2023-02-24T21:01:38+05:00" level=info msg="Create router" func="main.main()" file="app.go:14"
time="2023-02-24T21:01:38+05:00" level=info msg="Register user handler" func="main.main()" file="app.go:17"
time="2023-02-24T21:01:38+05:00" level=info msg="Start application" func="main.start()" file="app.go:26"
time="2023-02-24T21:01:38+05:00" level=info msg="Server is listening 0.0.0.0:1234" func="main.start()" file="app.go:38"
time="2023-03-04T17:32:48+05:00" level=info msg="create router" func="main.main()" file="app.go:19"
time="2023-03-04T17:32:48+05:00" level=info msg="read application configuration" func="rest-api-tutorial/internal/config.GetConfig.func1()" file="config.go:24"
time="2023-03-04T17:32:48+05:00" level=info func="rest-api-tutorial/internal/config.GetConfig.func1()" file="config.go:28"
time="2023-03-04T17:32:48+05:00" level=fatal msg="open config.yml: The system cannot find the file specified." func="rest-api-tutorial/internal/config.GetConfig.func1()" file="config.go:29"
time="2023-03-04T17:34:10+05:00" level=info msg="create router" func="main.main()" file="app.go:19"
time="2023-03-04T17:34:10+05:00" level=info msg="read application configuration" func="rest-api-tutorial/internal/config.GetConfig.func1()" file="config.go:24"
time="2023-03-04T17:34:10+05:00" level=info msg="register user handler" func="main.main()" file="app.go:24"
time="2023-03-04T17:34:10+05:00" level=info msg="start application" func="main.start()" file="app.go:33"
time="2023-03-04T17:34:10+05:00" level=info msg="listen tcp" func="main.start()" file="app.go:51"
time="2023-03-04T17:34:10+05:00" level=info msg="server is listening port 0.0.0.0:10000" func="main.start()" file="app.go:53"
time="2023-03-07T22:38:52+05:00" level=info msg="create router" func="main.main()" file="app.go:19"
time="2023-03-07T22:38:52+05:00" level=info msg="read application configuration" func="rest-api-tutorial/internal/config.GetConfig.func1()" file="config.go:33"
time="2023-03-07T22:38:52+05:00" level=info msg="register user handler" func="main.main()" file="app.go:32"
time="2023-03-07T22:38:52+05:00" level=info msg="start application" func="main.start()" file="app.go:41"
time="2023-03-07T22:38:52+05:00" level=info msg="detect app path" func="main.start()" file="app.go:47"
time="2023-03-07T22:38:53+05:00" level=info msg="create socket" func="main.start()" file="app.go:52"
time="2023-03-07T22:38:53+05:00" level=info msg="listen unix socket" func="main.start()" file="app.go:55"
time="2023-03-07T22:38:53+05:00" level=info msg="server is listening unix socket: C:\\Projects\\Go\\rest-api-tutorial\\build/app.sock" func="main.start()" file="app.go:57"
